Using pre-set license
Built from '2021.3/staging' branch; Version is '2021.3.19f1 (c9714fde33b6) revision 13201743'; Using compiler version '192829333'; Build Type 'Release'
OS: 'Windows 10  (10.0.19045) 64bit Professional' Language: 'ru' Physical Memory: 16334 MB
BatchMode: 1, IsHumanControllingUs: 0, StartBugReporterOnCrash: 0, Is64bit: 1, IsPro: 1

COMMAND LINE ARGUMENTS:
C:\Program Files\Unity\Hub\Editor\2021.3.19f1\Editor\Unity.exe
-adb2
-batchMode
-noUpm
-name
AssetImportWorker0
-projectPath
C:/Users/nickh/OkiGenTest
-logFile
Logs/AssetImportWorker0.log
-srvPort
53620
Successfully changed project path to: C:/Users/nickh/OkiGenTest
C:/Users/nickh/OkiGenTest
[UnityMemory] Configuration Parameters - Can be set up in boot.config
    "memorysetup-bucket-allocator-granularity=16"
    "memorysetup-bucket-allocator-bucket-count=8"
    "memorysetup-bucket-allocator-block-size=33554432"
    "memorysetup-bucket-allocator-block-count=8"
    "memorysetup-main-allocator-block-size=16777216"
    "memorysetup-thread-allocator-block-size=16777216"
    "memorysetup-gfx-main-allocator-block-size=16777216"
    "memorysetup-gfx-thread-allocator-block-size=16777216"
    "memorysetup-cache-allocator-block-size=4194304"
    "memorysetup-typetree-allocator-block-size=2097152"
    "memorysetup-profiler-bucket-allocator-granularity=16"
    "memorysetup-profiler-bucket-allocator-bucket-count=8"
    "memorysetup-profiler-bucket-allocator-block-size=33554432"
    "memorysetup-profiler-bucket-allocator-block-count=8"
    "memorysetup-profiler-allocator-block-size=16777216"
    "memorysetup-profiler-editor-allocator-block-size=1048576"
    "memorysetup-temp-allocator-size-main=16777216"
    "memorysetup-job-temp-allocator-block-size=2097152"
    "memorysetup-job-temp-allocator-block-size-background=1048576"
    "memorysetup-job-temp-allocator-reduction-small-platforms=262144"
    "memorysetup-temp-allocator-size-background-worker=32768"
    "memorysetup-temp-allocator-size-job-worker=262144"
    "memorysetup-temp-allocator-size-preload-manager=33554432"
    "memorysetup-temp-allocator-size-nav-mesh-worker=65536"
    "memorysetup-temp-allocator-size-audio-worker=65536"
    "memorysetup-temp-allocator-size-cloud-worker=32768"
    "memorysetup-temp-allocator-size-gi-baking-worker=262144"
    "memorysetup-temp-allocator-size-gfx=262144"
Player connection [9804] Host "[IP] 192.168.1.236 [Port] 0 [Flags] 2 [Guid] 2667595110 [EditorId] 2667595110 [Version] 1048832 [Id] WindowsEditor(7,DESKTOP-PB3QCMD) [Debug] 1 [PackageName] WindowsEditor [ProjectName] Editor" joined multi-casting on [225.0.0.222:54997]...

Player connection [9804] Host "[IP] 192.168.1.236 [Port] 0 [Flags] 2 [Guid] 2667595110 [EditorId] 2667595110 [Version] 1048832 [Id] WindowsEditor(7,DESKTOP-PB3QCMD) [Debug] 1 [PackageName] WindowsEditor [ProjectName] Editor" joined alternative multi-casting on [225.0.0.222:34997]...

Refreshing native plugins compatible for Editor in 30.91 ms, found 2 plugins.
Preloading 0 native plugins for Editor in 0.00 ms.
Initialize engine version: 2021.3.19f1 (c9714fde33b6)
[Subsystems] Discovering subsystems at path C:/Program Files/Unity/Hub/Editor/2021.3.19f1/Editor/Data/Resources/UnitySubsystems
[Subsystems] Discovering subsystems at path C:/Users/nickh/OkiGenTest/Assets
GfxDevice: creating device client; threaded=0; jobified=0
Direct3D:
    Version:  Direct3D 11.0 [level 11.1]
    Renderer: NVIDIA GeForce RTX 3060 Ti (ID=0x2486)
    Vendor:   NVIDIA
    VRAM:     8038 MB
    Driver:   31.0.15.3640
Initialize mono
Mono path[0] = 'C:/Program Files/Unity/Hub/Editor/2021.3.19f1/Editor/Data/Managed'
Mono path[1] = 'C:/Program Files/Unity/Hub/Editor/2021.3.19f1/Editor/Data/MonoBleedingEdge/lib/mono/unityjit-win32'
Mono config path = 'C:/Program Files/Unity/Hub/Editor/2021.3.19f1/Editor/Data/MonoBleedingEdge/etc'
Using monoOptions --debugger-agent=transport=dt_socket,embedding=1,server=y,suspend=n,address=127.0.0.1:56228
Begin MonoManager ReloadAssembly
Registering precompiled unity dll's ...
Register platform support module: C:/Program Files/Unity/Hub/Editor/2021.3.19f1/Editor/Data/PlaybackEngines/AndroidPlayer/UnityEditor.Android.Extensions.dll
Register platform support module: C:/Program Files/Unity/Hub/Editor/2021.3.19f1/Editor/Data/PlaybackEngines/WindowsStandaloneSupport/UnityEditor.WindowsStandalone.Extensions.dll
Registered in 0.007577 seconds.
Native extension for WindowsStandalone target not found
Native extension for Android target not found
Android Extension - Scanning For ADB Devices 267 ms
Refreshing native plugins compatible for Editor in 28.91 ms, found 2 plugins.
Preloading 0 native plugins for Editor in 0.00 ms.
Mono: successfully reloaded assembly
- Completed reload, in  0.832 seconds
Domain Reload Profiling:
	ReloadAssembly (833ms)
		BeginReloadAssembly (68ms)
			ExecutionOrderSort (0ms)
			DisableScriptedObjects (0ms)
			BackupInstance (0ms)
			ReleaseScriptingObjects (0ms)
			CreateAndSetChildDomain (1ms)
		EndReloadAssembly (660ms)
			LoadAssemblies (66ms)
			RebuildTransferFunctionScriptingTraits (0ms)
			SetupTypeCache (100ms)
			ReleaseScriptCaches (0ms)
			RebuildScriptCaches (24ms)
			SetupLoadedEditorAssemblies (490ms)
				LogAssemblyErrors (0ms)
				InitializePlatformSupportModulesInManaged (341ms)
				SetLoadedEditorAssemblies (0ms)
				RefreshPlugins (29ms)
				BeforeProcessingInitializeOnLoad (1ms)
				ProcessInitializeOnLoadAttributes (80ms)
				ProcessInitializeOnLoadMethodAttributes (39ms)
				AfterProcessingInitializeOnLoad (0ms)
				EditorAssembliesLoaded (0ms)
			ExecutionOrderSort2 (0ms)
			AwakeInstancesAfterBackupRestoration (0ms)
Platform modules already initialized, skipping
Registering precompiled user dll's ...
Registered in 0.005066 seconds.
Begin MonoManager ReloadAssembly
Native extension for WindowsStandalone target not found
Native extension for Android target not found
Refreshing native plugins compatible for Editor in 0.56 ms, found 2 plugins.
Preloading 0 native plugins for Editor in 0.00 ms.
Mono: successfully reloaded assembly
- Completed reload, in  0.915 seconds
Domain Reload Profiling:
	ReloadAssembly (916ms)
		BeginReloadAssembly (108ms)
			ExecutionOrderSort (0ms)
			DisableScriptedObjects (5ms)
			BackupInstance (0ms)
			ReleaseScriptingObjects (0ms)
			CreateAndSetChildDomain (18ms)
		EndReloadAssembly (688ms)
			LoadAssemblies (73ms)
			RebuildTransferFunctionScriptingTraits (0ms)
			SetupTypeCache (180ms)
			ReleaseScriptCaches (0ms)
			RebuildScriptCaches (40ms)
			SetupLoadedEditorAssemblies (332ms)
				LogAssemblyErrors (0ms)
				InitializePlatformSupportModulesInManaged (20ms)
				SetLoadedEditorAssemblies (0ms)
				RefreshPlugins (1ms)
				BeforeProcessingInitializeOnLoad (59ms)
				ProcessInitializeOnLoadAttributes (218ms)
				ProcessInitializeOnLoadMethodAttributes (22ms)
				AfterProcessingInitializeOnLoad (10ms)
				EditorAssembliesLoaded (0ms)
			ExecutionOrderSort2 (0ms)
			AwakeInstancesAfterBackupRestoration (7ms)
Platform modules already initialized, skipping
========================================================================
Worker process is ready to serve import requests
Launched and connected shader compiler UnityShaderCompiler.exe after 0.06 seconds
Refreshing native plugins compatible for Editor in 0.40 ms, found 2 plugins.
Preloading 0 native plugins for Editor in 0.00 ms.
Unloading 1802 Unused Serialized files (Serialized files now loaded: 0)
Unloading 23 unused Assets / (56.8 KB). Loaded Objects now: 2273.
Memory consumption went from 92.1 MB to 92.0 MB.
Total: 2.487500 ms (FindLiveObjects: 0.157600 ms CreateObjectMapping: 0.044500 ms MarkObjects: 2.213100 ms  DeleteObjects: 0.071300 ms)

AssetImportParameters requested are different than current active one (requested -> active):
  custom:video-decoder-ogg-theora: a1e56fd34408186e4bbccfd4996cb3dc -> 
  custom:container-muxer-webm: aa71ff27fc2769a1b78a27578f13a17b -> 
  custom:container-demuxer-webm: 4f35f7cbe854078d1ac9338744f61a02 -> 
  custom:video-encoder-webm-vp8: eb34c28f22e8b96e1ab97ce403110664 -> 
  custom:audio-encoder-webm-vorbis: bf7c407c2cedff20999df2af8eb42d56 -> 
  custom:framework-win-MediaFoundation: 216162199b28c13a410421893ffa2e32 -> 
  custom:container-demuxer-ogg: 62fdf1f143b41e24485cea50d1cbac27 -> 
  custom:video-decoder-webm-vp8: 9c59270c3fd7afecdb556c50c9e8de78 -> 
  custom:audio-decoder-ogg-vorbis: bf7c407c2cedff20999df2af8eb42d56 -> 
========================================================================
Received Import Request.
  Time since last request: 1085409.074852 seconds.
  path: Assets/Prefabs/Goods/Soil.prefab
  artifactKey: Guid(fc57a5f9fd60a45419f647980e7003fb) Importer(815301076,1909f56bfc062723c751e8b465ee728b)
Start importing Assets/Prefabs/Goods/Soil.prefab using Guid(fc57a5f9fd60a45419f647980e7003fb) Importer(815301076,1909f56bfc062723c751e8b465ee728b)  -> (artifact id: '7e07ba30727532beeb241dba8b091f7e') in 0.125488 seconds 
========================================================================
Received Import Request.
  Time since last request: 0.000022 seconds.
  path: Assets/Prefabs/Goods/Carrot.prefab
  artifactKey: Guid(a4dde0ca57c76804f9830eca3506e0e3) Importer(815301076,1909f56bfc062723c751e8b465ee728b)
Start importing Assets/Prefabs/Goods/Carrot.prefab using Guid(a4dde0ca57c76804f9830eca3506e0e3) Importer(815301076,1909f56bfc062723c751e8b465ee728b)  -> (artifact id: 'ca5bf783b6115fdc7a781a853810d033') in 0.014667 seconds 
========================================================================
Received Import Request.
  Time since last request: 0.000030 seconds.
  path: Assets/Prefabs/Goods/Water.prefab
  artifactKey: Guid(cb897123f7bbd9d4b9a719ac23044f4e) Importer(815301076,1909f56bfc062723c751e8b465ee728b)
Start importing Assets/Prefabs/Goods/Water.prefab using Guid(cb897123f7bbd9d4b9a719ac23044f4e) Importer(815301076,1909f56bfc062723c751e8b465ee728b)  -> (artifact id: 'f9f19298d420c4942ab2afdf80fb99c7') in 0.016093 seconds 
========================================================================
Received Import Request.
  Time since last request: 0.000021 seconds.
  path: Assets/Prefabs/Goods/Milk.prefab
  artifactKey: Guid(e1a3d4b29f329cb4bbae16d67e61e0c5) Importer(815301076,1909f56bfc062723c751e8b465ee728b)
Start importing Assets/Prefabs/Goods/Milk.prefab using Guid(e1a3d4b29f329cb4bbae16d67e61e0c5) Importer(815301076,1909f56bfc062723c751e8b465ee728b)  -> (artifact id: 'cc790775d4d9d60652278f57ca19437a') in 0.012636 seconds 
========================================================================
Received Import Request.
  Time since last request: 0.000021 seconds.
  path: Assets/Prefabs/Goods/Menu.prefab
  artifactKey: Guid(029c053ace17d094fb67dcce6b623d72) Importer(815301076,1909f56bfc062723c751e8b465ee728b)
Start importing Assets/Prefabs/Goods/Menu.prefab using Guid(029c053ace17d094fb67dcce6b623d72) Importer(815301076,1909f56bfc062723c751e8b465ee728b)  -> (artifact id: '02c4f1c3e1656e49c78c5624a3fc4635') in 0.013928 seconds 
========================================================================
Received Import Request.
  Time since last request: 0.000018 seconds.
  path: Assets/Prefabs/Goods/Tomato.prefab
  artifactKey: Guid(8c3b118d7266e684ea7875898c792fca) Importer(815301076,1909f56bfc062723c751e8b465ee728b)
Start importing Assets/Prefabs/Goods/Tomato.prefab using Guid(8c3b118d7266e684ea7875898c792fca) Importer(815301076,1909f56bfc062723c751e8b465ee728b)  -> (artifact id: '137852c332f622210ebf8cecdb40a4d4') in 0.013256 seconds 
========================================================================
Received Import Request.
  Time since last request: 0.000021 seconds.
  path: Assets/Prefabs/Goods/Banana.prefab
  artifactKey: Guid(b71fc037e0bf35f4c81217dfd76f59c2) Importer(815301076,1909f56bfc062723c751e8b465ee728b)
Start importing Assets/Prefabs/Goods/Banana.prefab using Guid(b71fc037e0bf35f4c81217dfd76f59c2) Importer(815301076,1909f56bfc062723c751e8b465ee728b)  -> (artifact id: 'f297321d65ab0727b4edd3e53caec797') in 0.020050 seconds 
========================================================================
Received Import Request.
  Time since last request: 0.000017 seconds.
  path: Assets/Prefabs/Goods/Salad.prefab
  artifactKey: Guid(1ed8832d6bc439647beb8c00ff876d2d) Importer(815301076,1909f56bfc062723c751e8b465ee728b)
Start importing Assets/Prefabs/Goods/Salad.prefab using Guid(1ed8832d6bc439647beb8c00ff876d2d) Importer(815301076,1909f56bfc062723c751e8b465ee728b)  -> (artifact id: '09b40185204e84a53b846506aab4970e') in 0.012334 seconds 
========================================================================
Received Import Request.
  Time since last request: 0.000018 seconds.
  path: Assets/Prefabs/Goods/Soap.prefab
  artifactKey: Guid(1a2938c8f2e2b98409c93029e70082c0) Importer(815301076,1909f56bfc062723c751e8b465ee728b)
Start importing Assets/Prefabs/Goods/Soap.prefab using Guid(1a2938c8f2e2b98409c93029e70082c0) Importer(815301076,1909f56bfc062723c751e8b465ee728b)  -> (artifact id: '7959261f5823f721d156b7667473dd53') in 0.013364 seconds 
========================================================================
Received Import Request.
  Time since last request: 0.000017 seconds.
  path: Assets/Prefabs/Goods/Avocado.prefab
  artifactKey: Guid(ac5f520736fd9f84f8d3bf9aa243cce7) Importer(815301076,1909f56bfc062723c751e8b465ee728b)
Start importing Assets/Prefabs/Goods/Avocado.prefab using Guid(ac5f520736fd9f84f8d3bf9aa243cce7) Importer(815301076,1909f56bfc062723c751e8b465ee728b)  -> (artifact id: '1a279945ba4e637481d113651686031f') in 0.013369 seconds 
========================================================================
Received Import Request.
  Time since last request: 0.000022 seconds.
  path: Assets/Prefabs/Goods/Lemon.prefab
  artifactKey: Guid(bb851d6e9ebdd8e489c24764bb7a79ae) Importer(815301076,1909f56bfc062723c751e8b465ee728b)
Start importing Assets/Prefabs/Goods/Lemon.prefab using Guid(bb851d6e9ebdd8e489c24764bb7a79ae) Importer(815301076,1909f56bfc062723c751e8b465ee728b)  -> (artifact id: '47693aa0239147435c9a43c88424e66f') in 0.013289 seconds 
========================================================================
Received Import Request.
  Time since last request: 0.000017 seconds.
  path: Assets/Prefabs/Goods/Bread.prefab
  artifactKey: Guid(a2d2301edb22e6744a549a98f64f79a6) Importer(815301076,1909f56bfc062723c751e8b465ee728b)
Start importing Assets/Prefabs/Goods/Bread.prefab using Guid(a2d2301edb22e6744a549a98f64f79a6) Importer(815301076,1909f56bfc062723c751e8b465ee728b)  -> (artifact id: 'fb5469cf0855477be2d4d3bd22247f8f') in 0.012770 seconds 
========================================================================
Received Import Request.
  Time since last request: 0.000018 seconds.
  path: Assets/Prefabs/Goods/Apple.prefab
  artifactKey: Guid(85214358816eb814bb02f90644a68079) Importer(815301076,1909f56bfc062723c751e8b465ee728b)
Start importing Assets/Prefabs/Goods/Apple.prefab using Guid(85214358816eb814bb02f90644a68079) Importer(815301076,1909f56bfc062723c751e8b465ee728b)  -> (artifact id: '59dab1d9149de0cac8ecd02cc9b3f719') in 0.014291 seconds 
========================================================================
Received Import Request.
  Time since last request: 0.000015 seconds.
  path: Assets/Prefabs/Goods/Can.prefab
  artifactKey: Guid(bf667d1c2331d6541b5c1be68e292605) Importer(815301076,1909f56bfc062723c751e8b465ee728b)
Start importing Assets/Prefabs/Goods/Can.prefab using Guid(bf667d1c2331d6541b5c1be68e292605) Importer(815301076,1909f56bfc062723c751e8b465ee728b)  -> (artifact id: '9c4625c81f2915b219fe3e864d21212b') in 0.013647 seconds 
========================================================================
Received Import Request.
  Time since last request: 0.000020 seconds.
  path: Assets/Prefabs/Models/Basket Variant.prefab
  artifactKey: Guid(3cb05f43ffee97c4492472fd914ab896) Importer(815301076,1909f56bfc062723c751e8b465ee728b)
Start importing Assets/Prefabs/Models/Basket Variant.prefab using Guid(3cb05f43ffee97c4492472fd914ab896) Importer(815301076,1909f56bfc062723c751e8b465ee728b)  -> (artifact id: '6588729910be41893794baf9b515501f') in 0.063550 seconds 
Editor requested this worker to shutdown with reason: Scaling down because of idle timeout
AssetImportWorker is now disconnected from the server
Process exiting
Exiting without the bug reporter. Application will terminate with return code 0